<?xml version="1.0" encoding="UTF-8"?>
<!-- Generated by org.testng.reporters.JUnitReportReporter -->
<testsuite hostname="Pandia-PC" failures="0" tests="2" name="automationAnywhere.automationAnywhereTests" time="19.571" errors="0" timestamp="2024-01-19T23:42:49 GMT" skipped="0">
  <testcase classname="automationAnywhere.automationAnywhereTests" name="processDiscoveryTestCase" time="10.636"/>
  <testcase classname="automationAnywhere.automationAnywhereTests" name="requestDemoTestCase" time="8.935"/>
</testsuite> <!-- automationAnywhere.automationAnywhereTests -->
